[debug] [2021-04-29T13:23:53.823Z] ----------------------------------------------------------------------
[debug] [2021-04-29T13:23:53.824Z] Command:       /usr/local/bin/node /usr/local/bin/firebase emulators:start
[debug] [2021-04-29T13:23:53.824Z] CLI Version:   9.2.0
[debug] [2021-04-29T13:23:53.824Z] Platform:      darwin
[debug] [2021-04-29T13:23:53.824Z] Node Version:  v12.14.0
[debug] [2021-04-29T13:23:53.825Z] Time:          Thu Apr 29 2021 15:23:53 GMT+0200 (Central European Summer Time)
[debug] [2021-04-29T13:23:53.825Z] ----------------------------------------------------------------------
[debug] [2021-04-29T13:23:53.825Z] 
[debug] [2021-04-29T13:23:53.831Z] > command requires scopes: ["email","openid","https://www.googleapis.com/auth/cloudplatformprojects.readonly","https://www.googleapis.com/auth/firebase","https://www.googleapis.com/auth/cloud-platform"]
[debug] [2021-04-29T13:23:53.831Z] > authorizing via signed-in user
[info] i  emulators: Starting emulators: auth, functions, firestore, hosting {"metadata":{"emulator":{"name":"hub"},"message":"Starting emulators: auth, functions, firestore, hosting"}}
[debug] [2021-04-29T13:23:54.162Z] [hub] writing locator at /var/folders/tr/n_vgls791ql825jwd6276q880000gn/T/hub-vibrant-fabric-275712.json
[warn] ⚠  functions: The following emulators are not running, calls to these services from the Functions emulator will affect production: database, pubsub {"metadata":{"emulator":{"name":"functions"},"message":"The following emulators are not running, calls to these services from the Functions emulator will affect production: \u001b[1mdatabase, pubsub\u001b[22m"}}
[info] ✔  functions: Using node@12 from host. {"metadata":{"emulator":{"name":"functions"},"message":"Using node@12 from host."}}
[debug] [2021-04-29T13:23:54.190Z] defaultcredentials: writing to file /Users/angelosepulveda/.config/firebase/angelo_sv_outshifter.com_application_default_credentials.json
[debug] [2021-04-29T13:23:54.192Z] Setting GAC to /Users/angelosepulveda/.config/firebase/angelo_sv_outshifter.com_application_default_credentials.json {"metadata":{"emulator":{"name":"functions"},"message":"Setting GAC to /Users/angelosepulveda/.config/firebase/angelo_sv_outshifter.com_application_default_credentials.json"}}
[debug] [2021-04-29T13:23:54.195Z] > refreshing access token with scopes: []
[debug] [2021-04-29T13:23:54.195Z] >>> HTTP REQUEST POST https://www.googleapis.com/oauth2/v3/token  
 <request body omitted>
[debug] [2021-04-29T13:23:54.365Z] <<< HTTP RESPONSE 200 {"cache-control":"no-cache, no-store, max-age=0, must-revalidate","date":"Thu, 29 Apr 2021 13:23:54 GMT","pragma":"no-cache","expires":"Mon, 01 Jan 1990 00:00:00 GMT","content-type":"application/json; charset=utf-8","vary":"X-Origin, Referer, Origin,Accept-Encoding","server":"scaffolding on HTTPServer2","x-xss-protection":"0","x-frame-options":"SAMEORIGIN","x-content-type-options":"nosniff","alt-svc":"h3-29=\":443\"; ma=2592000,h3-T051=\":443\"; ma=2592000,h3-Q050=\":443\"; ma=2592000,h3-Q046=\":443\"; ma=2592000,h3-Q043=\":443\"; ma=2592000,quic=\":443\"; ma=2592000; v=\"46,43\"","accept-ranges":"none","transfer-encoding":"chunked"}
[debug] [2021-04-29T13:23:54.394Z] >>> [apiv2][query] GET https://firebase.googleapis.com/v1beta1/projects/vibrant-fabric-275712/adminSdkConfig [none]
[debug] [2021-04-29T13:23:54.799Z] <<< [apiv2][status] GET https://firebase.googleapis.com/v1beta1/projects/vibrant-fabric-275712/adminSdkConfig 200
[debug] [2021-04-29T13:23:54.799Z] <<< [apiv2][body] GET https://firebase.googleapis.com/v1beta1/projects/vibrant-fabric-275712/adminSdkConfig {"projectId":"vibrant-fabric-275712","storageBucket":"vibrant-fabric-275712.appspot.com","locationId":"us-central"}
[debug] [2021-04-29T13:23:56.908Z] Ignoring unsupported arg: projectId {"metadata":{"emulator":{"name":"firestore"},"message":"Ignoring unsupported arg: projectId"}}
[debug] [2021-04-29T13:23:56.908Z] Ignoring unsupported arg: auto_download {"metadata":{"emulator":{"name":"firestore"},"message":"Ignoring unsupported arg: auto_download"}}
[debug] [2021-04-29T13:23:56.908Z] Starting Firestore Emulator with command {"binary":"java","args":["-Dgoogle.cloud_firestore.debug_log_level=FINE","-Duser.language=en","-jar","/Users/angelosepulveda/.cache/firebase/emulators/cloud-firestore-emulator-v1.11.11.jar","--host","localhost","--port",8080,"--rules","/Users/angelosepulveda/Documents/GitHub/bino-aktiv/firestore.rules","--functions_emulator","localhost:5001"],"optionalArgs":["port","webchannel_port","host","rules","functions_emulator","seed_from_export"],"joinArgs":false} {"metadata":{"emulator":{"name":"firestore"},"message":"Starting Firestore Emulator with command {\"binary\":\"java\",\"args\":[\"-Dgoogle.cloud_firestore.debug_log_level=FINE\",\"-Duser.language=en\",\"-jar\",\"/Users/angelosepulveda/.cache/firebase/emulators/cloud-firestore-emulator-v1.11.11.jar\",\"--host\",\"localhost\",\"--port\",8080,\"--rules\",\"/Users/angelosepulveda/Documents/GitHub/bino-aktiv/firestore.rules\",\"--functions_emulator\",\"localhost:5001\"],\"optionalArgs\":[\"port\",\"webchannel_port\",\"host\",\"rules\",\"functions_emulator\",\"seed_from_export\"],\"joinArgs\":false}"}}
[info] i  firestore: Firestore Emulator logging to firestore-debug.log {"metadata":{"emulator":{"name":"firestore"},"message":"Firestore Emulator logging to \u001b[1mfirestore-debug.log\u001b[22m"}}
[debug] [2021-04-29T13:23:57.985Z] API endpoint: http:// {"metadata":{"emulator":{"name":"firestore"},"message":"API endpoint: http://"}}
[debug] [2021-04-29T13:23:57.985Z] localhost:8080
If you are using a library that supports the FIRESTORE_EMULATOR_HOST environment variable, run:

   export FIRESTORE_EMULATOR_HOST=localhost:8080

Dev App Server is now running.

 {"metadata":{"emulator":{"name":"firestore"},"message":"localhost:8080\nIf you are using a library that supports the FIRESTORE_EMULATOR_HOST environment variable, run:\n\n   export FIRESTORE_EMULATOR_HOST=localhost:8080\n\nDev App Server is now running.\n\n"}}
[debug] [2021-04-29T13:24:00.160Z] >>> [apiv2][query] GET https://firebase.googleapis.com/v1beta1/projects/vibrant-fabric-275712/webApps/-/config [none]
[debug] [2021-04-29T13:24:01.228Z] <<< [apiv2][status] GET https://firebase.googleapis.com/v1beta1/projects/vibrant-fabric-275712/webApps/-/config 200
[debug] [2021-04-29T13:24:01.228Z] <<< [apiv2][body] GET https://firebase.googleapis.com/v1beta1/projects/vibrant-fabric-275712/webApps/-/config {"projectId":"vibrant-fabric-275712","appId":"1:793155785410:web:dae7b4ea4088bcb31a215b","storageBucket":"vibrant-fabric-275712.appspot.com","locationId":"us-central","apiKey":"AIzaSyBK131G6WtavnRyNFaVkukporVyLlFPm7o","authDomain":"vibrant-fabric-275712.firebaseapp.com","messagingSenderId":"793155785410","measurementId":"G-NQ2W5T1HXQ"}
[info] i  hosting[bino-aktiv-live]: Serving hosting files from: build {"metadata":{"emulator":{"name":"hosting"},"message":"Serving hosting files from: \u001b[1mbuild\u001b[22m"}}
[info] ✔  hosting[bino-aktiv-live]: Local server: http://localhost:5000 {"metadata":{"emulator":{"name":"hosting"},"message":"Local server: \u001b[4m\u001b[1mhttp://localhost:5000\u001b[22m\u001b[24m"}}
[debug] [2021-04-29T13:24:02.760Z] Ignoring unsupported arg: auto_download {"metadata":{"emulator":{"name":"ui"},"message":"Ignoring unsupported arg: auto_download"}}
[debug] [2021-04-29T13:24:02.760Z] Ignoring unsupported arg: port {"metadata":{"emulator":{"name":"ui"},"message":"Ignoring unsupported arg: port"}}
[debug] [2021-04-29T13:24:02.760Z] Starting Emulator UI with command {"binary":"node","args":["/Users/angelosepulveda/.cache/firebase/emulators/ui-v1.4.1/server.bundle.js"],"optionalArgs":[],"joinArgs":false} {"metadata":{"emulator":{"name":"ui"},"message":"Starting Emulator UI with command {\"binary\":\"node\",\"args\":[\"/Users/angelosepulveda/.cache/firebase/emulators/ui-v1.4.1/server.bundle.js\"],\"optionalArgs\":[],\"joinArgs\":false}"}}
[info] i  ui: Emulator UI logging to ui-debug.log {"metadata":{"emulator":{"name":"ui"},"message":"Emulator UI logging to \u001b[1mui-debug.log\u001b[22m"}}
[debug] [2021-04-29T13:24:02.850Z] Web / API server started at http://localhost:4000
 {"metadata":{"emulator":{"name":"ui"},"message":"Web / API server started at http://localhost:4000\n"}}
[info] i  functions: Watching "/Users/angelosepulveda/Documents/GitHub/bino-aktiv/functions" for Cloud Functions... {"metadata":{"emulator":{"name":"functions"},"message":"Watching \"/Users/angelosepulveda/Documents/GitHub/bino-aktiv/functions\" for Cloud Functions..."}}
[debug] [2021-04-29T13:24:03.023Z] [worker-pool] addWorker(~diagnostic~) {"metadata":{"emulator":{"name":"functions"},"message":"[worker-pool] addWorker(~diagnostic~)"}}
[debug] [2021-04-29T13:24:03.023Z] [worker-pool] Adding worker with key ~diagnostic~, total=1 {"metadata":{"emulator":{"name":"functions"},"message":"[worker-pool] Adding worker with key ~diagnostic~, total=1"}}
[debug] [2021-04-29T13:24:03.024Z] [worker-pool] submitWork(triggerId=) {"metadata":{"emulator":{"name":"functions"},"message":"[worker-pool] submitWork(triggerId=)"}}
[debug] [2021-04-29T13:24:03.024Z] [worker-~diagnostic~-3b6390d1-e18a-4d8a-be3d-91f85e4c8502]: Assigning socketPath: /var/folders/tr/n_vgls791ql825jwd6276q880000gn/T/fire_emu_15349.sock {"metadata":{"emulator":{"name":"functions"},"message":"[worker-~diagnostic~-3b6390d1-e18a-4d8a-be3d-91f85e4c8502]: Assigning socketPath: /var/folders/tr/n_vgls791ql825jwd6276q880000gn/T/fire_emu_15349.sock"}}
[debug] [2021-04-29T13:24:03.024Z] [worker-~diagnostic~-3b6390d1-e18a-4d8a-be3d-91f85e4c8502]: BUSY {"metadata":{"emulator":{"name":"functions"},"message":"[worker-~diagnostic~-3b6390d1-e18a-4d8a-be3d-91f85e4c8502]: BUSY"}}
[debug] [2021-04-29T13:24:03.135Z] [runtime-status] [15349] Functions runtime initialized. {"cwd":"/Users/angelosepulveda/Documents/GitHub/bino-aktiv/functions","node_version":"12.14.0"} {"metadata":{"emulator":{"name":"functions"},"message":"[runtime-status] [15349] Functions runtime initialized. {\"cwd\":\"/Users/angelosepulveda/Documents/GitHub/bino-aktiv/functions\",\"node_version\":\"12.14.0\"}"}}
[debug] [2021-04-29T13:24:03.136Z] [runtime-status] [15349] Disabled runtime features: undefined {"metadata":{"emulator":{"name":"functions"},"message":"[runtime-status] [15349] Disabled runtime features: undefined"}}
[debug] [2021-04-29T13:24:03.137Z] [runtime-status] [15349] Resolved module firebase-admin {"declared":true,"installed":true,"version":"9.4.2","resolution":"/Users/angelosepulveda/Documents/GitHub/bino-aktiv/node_modules/firebase-admin/lib/index.js"} {"metadata":{"emulator":{"name":"functions"},"message":"[runtime-status] [15349] Resolved module firebase-admin {\"declared\":true,\"installed\":true,\"version\":\"9.4.2\",\"resolution\":\"/Users/angelosepulveda/Documents/GitHub/bino-aktiv/node_modules/firebase-admin/lib/index.js\"}"}}
[debug] [2021-04-29T13:24:03.139Z] [runtime-status] [15349] Resolved module firebase-functions {"declared":true,"installed":true,"version":"3.13.0","resolution":"/Users/angelosepulveda/Documents/GitHub/bino-aktiv/node_modules/firebase-functions/lib/index.js"} {"metadata":{"emulator":{"name":"functions"},"message":"[runtime-status] [15349] Resolved module firebase-functions {\"declared\":true,\"installed\":true,\"version\":\"3.13.0\",\"resolution\":\"/Users/angelosepulveda/Documents/GitHub/bino-aktiv/node_modules/firebase-functions/lib/index.js\"}"}}
[debug] [2021-04-29T13:24:03.139Z] [runtime-status] [15349] Resolved module firebase-functions {"declared":true,"installed":true,"version":"3.13.0","resolution":"/Users/angelosepulveda/Documents/GitHub/bino-aktiv/node_modules/firebase-functions/lib/index.js"} {"metadata":{"emulator":{"name":"functions"},"message":"[runtime-status] [15349] Resolved module firebase-functions {\"declared\":true,\"installed\":true,\"version\":\"3.13.0\",\"resolution\":\"/Users/angelosepulveda/Documents/GitHub/bino-aktiv/node_modules/firebase-functions/lib/index.js\"}"}}
[debug] [2021-04-29T13:24:03.140Z] [runtime-status] [15349] Outgoing network have been stubbed. [{"name":"http","status":"mocked"},{"name":"http","status":"mocked"},{"name":"https","status":"mocked"},{"name":"https","status":"mocked"},{"name":"net","status":"mocked"}] {"metadata":{"emulator":{"name":"functions"},"message":"[runtime-status] [15349] Outgoing network have been stubbed. [{\"name\":\"http\",\"status\":\"mocked\"},{\"name\":\"http\",\"status\":\"mocked\"},{\"name\":\"https\",\"status\":\"mocked\"},{\"name\":\"https\",\"status\":\"mocked\"},{\"name\":\"net\",\"status\":\"mocked\"}]"}}
[debug] [2021-04-29T13:24:03.141Z] [runtime-status] [15349] Resolved module firebase-functions {"declared":true,"installed":true,"version":"3.13.0","resolution":"/Users/angelosepulveda/Documents/GitHub/bino-aktiv/node_modules/firebase-functions/lib/index.js"} {"metadata":{"emulator":{"name":"functions"},"message":"[runtime-status] [15349] Resolved module firebase-functions {\"declared\":true,\"installed\":true,\"version\":\"3.13.0\",\"resolution\":\"/Users/angelosepulveda/Documents/GitHub/bino-aktiv/node_modules/firebase-functions/lib/index.js\"}"}}
[debug] [2021-04-29T13:24:03.166Z] [runtime-status] [15349] Checked functions.config() {"config":{}} {"metadata":{"emulator":{"name":"functions"},"message":"[runtime-status] [15349] Checked functions.config() {\"config\":{}}"}}
[debug] [2021-04-29T13:24:03.167Z] [runtime-status] [15349] firebase-functions has been stubbed. {"functionsResolution":{"declared":true,"installed":true,"version":"3.13.0","resolution":"/Users/angelosepulveda/Documents/GitHub/bino-aktiv/node_modules/firebase-functions/lib/index.js"}} {"metadata":{"emulator":{"name":"functions"},"message":"[runtime-status] [15349] firebase-functions has been stubbed. {\"functionsResolution\":{\"declared\":true,\"installed\":true,\"version\":\"3.13.0\",\"resolution\":\"/Users/angelosepulveda/Documents/GitHub/bino-aktiv/node_modules/firebase-functions/lib/index.js\"}}"}}
[debug] [2021-04-29T13:24:03.167Z] [runtime-status] [15349] Resolved module firebase-functions {"declared":true,"installed":true,"version":"3.13.0","resolution":"/Users/angelosepulveda/Documents/GitHub/bino-aktiv/node_modules/firebase-functions/lib/index.js"} {"metadata":{"emulator":{"name":"functions"},"message":"[runtime-status] [15349] Resolved module firebase-functions {\"declared\":true,\"installed\":true,\"version\":\"3.13.0\",\"resolution\":\"/Users/angelosepulveda/Documents/GitHub/bino-aktiv/node_modules/firebase-functions/lib/index.js\"}"}}
[debug] [2021-04-29T13:24:03.167Z] [runtime-status] [15349] Resolved module firebase-admin {"declared":true,"installed":true,"version":"9.4.2","resolution":"/Users/angelosepulveda/Documents/GitHub/bino-aktiv/node_modules/firebase-admin/lib/index.js"} {"metadata":{"emulator":{"name":"functions"},"message":"[runtime-status] [15349] Resolved module firebase-admin {\"declared\":true,\"installed\":true,\"version\":\"9.4.2\",\"resolution\":\"/Users/angelosepulveda/Documents/GitHub/bino-aktiv/node_modules/firebase-admin/lib/index.js\"}"}}
[debug] [2021-04-29T13:24:03.167Z] [runtime-status] [15349] Resolved module firebase-functions {"declared":true,"installed":true,"version":"3.13.0","resolution":"/Users/angelosepulveda/Documents/GitHub/bino-aktiv/node_modules/firebase-functions/lib/index.js"} {"metadata":{"emulator":{"name":"functions"},"message":"[runtime-status] [15349] Resolved module firebase-functions {\"declared\":true,\"installed\":true,\"version\":\"3.13.0\",\"resolution\":\"/Users/angelosepulveda/Documents/GitHub/bino-aktiv/node_modules/firebase-functions/lib/index.js\"}"}}
[debug] [2021-04-29T13:24:03.168Z] [runtime-status] [15349] firebase-admin has been stubbed. {"adminResolution":{"declared":true,"installed":true,"version":"9.4.2","resolution":"/Users/angelosepulveda/Documents/GitHub/bino-aktiv/node_modules/firebase-admin/lib/index.js"}} {"metadata":{"emulator":{"name":"functions"},"message":"[runtime-status] [15349] firebase-admin has been stubbed. {\"adminResolution\":{\"declared\":true,\"installed\":true,\"version\":\"9.4.2\",\"resolution\":\"/Users/angelosepulveda/Documents/GitHub/bino-aktiv/node_modules/firebase-admin/lib/index.js\"}}"}}
[warn] ⚠  It looks like you're trying to access functions.config().service but there is no value there. You can learn more about setting up config here: https://firebase.google.com/docs/functions/local-emulator {"metadata":{"emulator":{"name":"functions"},"message":"It looks like you're trying to access functions.config().service but there is no value there. You can learn more about setting up config here: https://firebase.google.com/docs/functions/local-emulator"}}
[warn] ⚠  TypeError: Cannot read property 'project_id' of undefined
    at Object.<anonymous> (/Users/angelosepulveda/Documents/GitHub/bino-aktiv/functions/index.js:17:38)
    at Module._compile (internal/modules/cjs/loader.js:959:30)
    at Object.Module._extensions..js (internal/modules/cjs/loader.js:995:10)
    at Module.load (internal/modules/cjs/loader.js:815:32)
    at Function.Module._load (internal/modules/cjs/loader.js:727:14)
    at Module.require (internal/modules/cjs/loader.js:852:19)
    at require (internal/modules/cjs/helpers.js:74:18)
    at initializeRuntime (/usr/local/lib/node_modules/firebase-tools/lib/emulator/functionsEmulatorRuntime.js:676:29)
    at processTicksAndRejections (internal/process/task_queues.js:93:5)
    at async handleMessage (/usr/local/lib/node_modules/firebase-tools/lib/emulator/functionsEmulatorRuntime.js:714:20) {"metadata":{"emulator":{"name":"functions"},"message":"TypeError: Cannot read property 'project_id' of undefined\n    at Object.<anonymous> (/Users/angelosepulveda/Documents/GitHub/bino-aktiv/functions/index.js:17:38)\n    at Module._compile (internal/modules/cjs/loader.js:959:30)\n    at Object.Module._extensions..js (internal/modules/cjs/loader.js:995:10)\n    at Module.load (internal/modules/cjs/loader.js:815:32)\n    at Function.Module._load (internal/modules/cjs/loader.js:727:14)\n    at Module.require (internal/modules/cjs/loader.js:852:19)\n    at require (internal/modules/cjs/helpers.js:74:18)\n    at initializeRuntime (/usr/local/lib/node_modules/firebase-tools/lib/emulator/functionsEmulatorRuntime.js:676:29)\n    at processTicksAndRejections (internal/process/task_queues.js:93:5)\n    at async handleMessage (/usr/local/lib/node_modules/firebase-tools/lib/emulator/functionsEmulatorRuntime.js:714:20)"}}
[warn] ⚠  We were unable to load your functions code. (see above) {"metadata":{"emulator":{"name":"functions"}}}
[debug] [2021-04-29T13:24:03.185Z] [worker-~diagnostic~-3b6390d1-e18a-4d8a-be3d-91f85e4c8502]: exited {"metadata":{"emulator":{"name":"functions"},"message":"[worker-~diagnostic~-3b6390d1-e18a-4d8a-be3d-91f85e4c8502]: exited"}}
[debug] [2021-04-29T13:24:03.185Z] [worker-~diagnostic~-3b6390d1-e18a-4d8a-be3d-91f85e4c8502]: FINISHED {"metadata":{"emulator":{"name":"functions"},"message":"[worker-~diagnostic~-3b6390d1-e18a-4d8a-be3d-91f85e4c8502]: FINISHED"}}
